\BOOKMARK [0][-]{chapter.1}{\376\377\0001\000\040\000F\000o\000r\000g\000e}{}% 1
\BOOKMARK [1][-]{subsection.1.0.1}{\376\377\0001\000.\0000\000.\0001\000\040\000O\000v\000e\000r\000v\000i\000e\000w}{chapter.1}% 2
\BOOKMARK [2][-]{subsection.1.0.2}{\376\377\0001\000.\0000\000.\0002\000\040\000K\000e\000y\000\040\000F\000e\000a\000t\000u\000r\000e\000s}{subsection.1.0.1}% 3
\BOOKMARK [2][-]{subsection.1.0.3}{\376\377\0001\000.\0000\000.\0003\000\040\000W\000h\000y\000\040\000C\000h\000o\000o\000s\000e\000\040\000F\000o\000r\000g\000e\000?}{subsection.1.0.1}% 4
\BOOKMARK [3][-]{subsubsection.1.0.3.1}{\376\377\0001\000.\0000\000.\0003\000.\0001\000\040\0001\000.\000\040\000R\000e\000a\000d\000a\000b\000l\000e\000\040\000B\000u\000i\000l\000d\000\040\000O\000u\000t\000p\000u\000t\000s}{subsection.1.0.3}% 5
\BOOKMARK [3][-]{subsubsection.1.0.3.2}{\376\377\0001\000.\0000\000.\0003\000.\0002\000\040\0002\000.\000\040\000O\000p\000t\000i\000m\000i\000z\000e\000d\000\040\000f\000o\000r\000\040\000S\000p\000e\000e\000d}{subsection.1.0.3}% 6
\BOOKMARK [3][-]{subsubsection.1.0.3.3}{\376\377\0001\000.\0000\000.\0003\000.\0003\000\040\0003\000.\000\040\000M\000o\000d\000e\000r\000n\000\040\000D\000e\000s\000i\000g\000n}{subsection.1.0.3}% 7
\BOOKMARK [2][-]{subsection.1.0.4}{\376\377\0001\000.\0000\000.\0004\000\040\000H\000o\000w\000\040\000I\000t\000\040\000W\000o\000r\000k\000s}{subsection.1.0.1}% 8
\BOOKMARK [2][-]{subsection.1.0.5}{\376\377\0001\000.\0000\000.\0005\000\040\000D\000i\000r\000e\000c\000t\000o\000r\000y\000\040\000S\000t\000r\000u\000c\000t\000u\000r\000e}{subsection.1.0.1}% 9
\BOOKMARK [2][-]{subsection.1.0.6}{\376\377\0001\000.\0000\000.\0006\000\040\000I\000n\000s\000t\000a\000l\000l\000a\000t\000i\000o\000n}{subsection.1.0.1}% 10
\BOOKMARK [3][-]{subsubsection.1.0.6.1}{\376\377\0001\000.\0000\000.\0006\000.\0001\000\040\000P\000r\000e\000r\000e\000q\000u\000i\000s\000i\000t\000e\000s}{subsection.1.0.6}% 11
\BOOKMARK [3][-]{subsubsection.1.0.6.2}{\376\377\0001\000.\0000\000.\0006\000.\0002\000\040\000S\000t\000e\000p\000s}{subsection.1.0.6}% 12
\BOOKMARK [2][-]{subsection.1.0.7}{\376\377\0001\000.\0000\000.\0007\000\040\000C\000o\000n\000t\000r\000i\000b\000u\000t\000i\000n\000g}{subsection.1.0.1}% 13
\BOOKMARK [3][-]{subsubsection.1.0.7.1}{\376\377\0001\000.\0000\000.\0007\000.\0001\000\040\000A\000c\000k\000n\000o\000w\000l\000e\000d\000g\000m\000e\000n\000t\000s}{subsection.1.0.7}% 14
\BOOKMARK [0][-]{chapter.2}{\376\377\0002\000\040\000N\000a\000m\000e\000s\000p\000a\000c\000e\000\040\000I\000n\000d\000e\000x}{}% 15
\BOOKMARK [1][-]{section.2.1}{\376\377\0002\000.\0001\000\040\000N\000a\000m\000e\000s\000p\000a\000c\000e\000\040\000L\000i\000s\000t}{chapter.2}% 16
\BOOKMARK [0][-]{chapter.3}{\376\377\0003\000\040\000C\000l\000a\000s\000s\000\040\000I\000n\000d\000e\000x}{}% 17
\BOOKMARK [1][-]{section.3.1}{\376\377\0003\000.\0001\000\040\000C\000l\000a\000s\000s\000\040\000L\000i\000s\000t}{chapter.3}% 18
\BOOKMARK [0][-]{chapter.4}{\376\377\0004\000\040\000F\000i\000l\000e\000\040\000I\000n\000d\000e\000x}{}% 19
\BOOKMARK [1][-]{section.4.1}{\376\377\0004\000.\0001\000\040\000F\000i\000l\000e\000\040\000L\000i\000s\000t}{chapter.4}% 20
\BOOKMARK [0][-]{chapter.5}{\376\377\0005\000\040\000N\000a\000m\000e\000s\000p\000a\000c\000e\000\040\000D\000o\000c\000u\000m\000e\000n\000t\000a\000t\000i\000o\000n}{}% 21
\BOOKMARK [1][-]{section.5.1}{\376\377\0005\000.\0001\000\040\000s\000t\000d\000\040\000N\000a\000m\000e\000s\000p\000a\000c\000e\000\040\000R\000e\000f\000e\000r\000e\000n\000c\000e}{chapter.5}% 22
\BOOKMARK [2][-]{subsection.5.1.1}{\376\377\0005\000.\0001\000.\0001\000\040\000D\000e\000t\000a\000i\000l\000e\000d\000\040\000D\000e\000s\000c\000r\000i\000p\000t\000i\000o\000n}{section.5.1}% 23
\BOOKMARK [0][-]{chapter.6}{\376\377\0006\000\040\000C\000l\000a\000s\000s\000\040\000D\000o\000c\000u\000m\000e\000n\000t\000a\000t\000i\000o\000n}{}% 24
\BOOKMARK [1][-]{section.6.1}{\376\377\0006\000.\0001\000\040\000C\000a\000c\000h\000e\000\040\000C\000l\000a\000s\000s\000\040\000R\000e\000f\000e\000r\000e\000n\000c\000e}{chapter.6}% 25
\BOOKMARK [2][-]{subsection.6.1.1}{\376\377\0006\000.\0001\000.\0001\000\040\000D\000e\000t\000a\000i\000l\000e\000d\000\040\000D\000e\000s\000c\000r\000i\000p\000t\000i\000o\000n}{section.6.1}% 26
\BOOKMARK [2][-]{subsection.6.1.2}{\376\377\0006\000.\0001\000.\0002\000\040\000C\000o\000n\000s\000t\000r\000u\000c\000t\000o\000r\000\040\000\046\000\040\000D\000e\000s\000t\000r\000u\000c\000t\000o\000r\000\040\000D\000o\000c\000u\000m\000e\000n\000t\000a\000t\000i\000o\000n}{section.6.1}% 27
\BOOKMARK [3][-]{subsubsection.6.1.2.1}{\376\377\0006\000.\0001\000.\0002\000.\0001\000\040\000C\000a\000c\000h\000e\000\050\000\051}{subsection.6.1.2}% 28
\BOOKMARK [3][-]{subsubsection.6.1.2.2}{\376\377\0006\000.\0001\000.\0002\000.\0002\000\040\000~\000C\000a\000c\000h\000e\000\050\000\051}{subsection.6.1.2}% 29
\BOOKMARK [2][-]{subsection.6.1.3}{\376\377\0006\000.\0001\000.\0003\000\040\000M\000e\000m\000b\000e\000r\000\040\000F\000u\000n\000c\000t\000i\000o\000n\000\040\000D\000o\000c\000u\000m\000e\000n\000t\000a\000t\000i\000o\000n}{section.6.1}% 30
\BOOKMARK [3][-]{subsubsection.6.1.3.1}{\376\377\0006\000.\0001\000.\0003\000.\0001\000\040\000a\000d\000d\000\050\000\051}{subsection.6.1.3}% 31
\BOOKMARK [3][-]{subsubsection.6.1.3.2}{\376\377\0006\000.\0001\000.\0003\000.\0002\000\040\000c\000h\000e\000c\000k\000\050\000\051}{subsection.6.1.3}% 32
\BOOKMARK [3][-]{subsubsection.6.1.3.3}{\376\377\0006\000.\0001\000.\0003\000.\0003\000\040\000c\000o\000m\000p\000u\000t\000e\000H\000a\000s\000h\000\050\000\051}{subsection.6.1.3}% 33
\BOOKMARK [3][-]{subsubsection.6.1.3.4}{\376\377\0006\000.\0001\000.\0003\000.\0004\000\040\000f\000i\000n\000d\000\050\000\051}{subsection.6.1.3}% 34
\BOOKMARK [3][-]{subsubsection.6.1.3.5}{\376\377\0006\000.\0001\000.\0003\000.\0005\000\040\000i\000n\000i\000t\000i\000a\000l\000i\000z\000e\000D\000B\000\050\000\051}{subsection.6.1.3}% 35
\BOOKMARK [2][-]{subsection.6.1.4}{\376\377\0006\000.\0001\000.\0004\000\040\000M\000e\000m\000b\000e\000r\000\040\000D\000a\000t\000a\000\040\000D\000o\000c\000u\000m\000e\000n\000t\000a\000t\000i\000o\000n}{section.6.1}% 36
\BOOKMARK [3][-]{subsubsection.6.1.4.1}{\376\377\0006\000.\0001\000.\0004\000.\0001\000\040\000d\000b}{subsection.6.1.4}% 37
\BOOKMARK [3][-]{subsubsection.6.1.4.2}{\376\377\0006\000.\0001\000.\0004\000.\0002\000\040\000d\000b\000\137\000p\000a\000t\000h}{subsection.6.1.4}% 38
\BOOKMARK [1][-]{section.6.2}{\376\377\0006\000.\0002\000\040\000G\000r\000a\000p\000h\000<\000\040\000T\000\040\000>\000\040\000C\000l\000a\000s\000s\000\040\000T\000e\000m\000p\000l\000a\000t\000e\000\040\000R\000e\000f\000e\000r\000e\000n\000c\000e}{chapter.6}% 39
\BOOKMARK [2][-]{subsection.6.2.1}{\376\377\0006\000.\0002\000.\0001\000\040\000D\000e\000t\000a\000i\000l\000e\000d\000\040\000D\000e\000s\000c\000r\000i\000p\000t\000i\000o\000n}{section.6.2}% 40
\BOOKMARK [2][-]{subsection.6.2.2}{\376\377\0006\000.\0002\000.\0002\000\040\000M\000e\000m\000b\000e\000r\000\040\000F\000u\000n\000c\000t\000i\000o\000n\000\040\000D\000o\000c\000u\000m\000e\000n\000t\000a\000t\000i\000o\000n}{section.6.2}% 41
\BOOKMARK [3][-]{subsubsection.6.2.2.1}{\376\377\0006\000.\0002\000.\0002\000.\0001\000\040\000a\000d\000d\000E\000d\000g\000e\000\050\000\051}{subsection.6.2.2}% 42
\BOOKMARK [3][-]{subsubsection.6.2.2.2}{\376\377\0006\000.\0002\000.\0002\000.\0002\000\040\000a\000d\000d\000N\000o\000d\000e\000\050\000\051}{subsection.6.2.2}% 43
\BOOKMARK [3][-]{subsubsection.6.2.2.3}{\376\377\0006\000.\0002\000.\0002\000.\0003\000\040\000d\000f\000s\000C\000y\000c\000l\000e\000D\000e\000t\000e\000c\000t\000i\000o\000n\000\050\000\051}{subsection.6.2.2}% 44
\BOOKMARK [3][-]{subsubsection.6.2.2.4}{\376\377\0006\000.\0002\000.\0002\000.\0004\000\040\000d\000f\000s\000T\000o\000p\000o\000l\000o\000g\000i\000c\000a\000l\000S\000o\000r\000t\000\050\000\051}{subsection.6.2.2}% 45
\BOOKMARK [3][-]{subsubsection.6.2.2.5}{\376\377\0006\000.\0002\000.\0002\000.\0005\000\040\000g\000e\000n\000e\000r\000a\000t\000e\000D\000o\000t\000F\000i\000l\000e\000\050\000\051}{subsection.6.2.2}% 46
\BOOKMARK [3][-]{subsubsection.6.2.2.6}{\376\377\0006\000.\0002\000.\0002\000.\0006\000\040\000h\000a\000s\000C\000y\000c\000l\000e\000\050\000\051}{subsection.6.2.2}% 47
\BOOKMARK [3][-]{subsubsection.6.2.2.7}{\376\377\0006\000.\0002\000.\0002\000.\0007\000\040\000i\000n\000D\000e\000g\000r\000e\000e\000\050\000\051}{subsection.6.2.2}% 48
\BOOKMARK [3][-]{subsubsection.6.2.2.8}{\376\377\0006\000.\0002\000.\0002\000.\0008\000\040\000o\000u\000t\000D\000e\000g\000r\000e\000e\000\050\000\051}{subsection.6.2.2}% 49
\BOOKMARK [3][-]{subsubsection.6.2.2.9}{\376\377\0006\000.\0002\000.\0002\000.\0009\000\040\000r\000e\000m\000o\000v\000e\000E\000d\000g\000e\000\050\000\051}{subsection.6.2.2}% 50
\BOOKMARK [3][-]{subsubsection.6.2.2.10}{\376\377\0006\000.\0002\000.\0002\000.\0001\0000\000\040\000r\000e\000m\000o\000v\000e\000N\000o\000d\000e\000\050\000\051}{subsection.6.2.2}% 51
\BOOKMARK [3][-]{subsubsection.6.2.2.11}{\376\377\0006\000.\0002\000.\0002\000.\0001\0001\000\040\000t\000o\000p\000o\000l\000o\000g\000i\000c\000a\000l\000S\000o\000r\000t\000\050\000\051}{subsection.6.2.2}% 52
\BOOKMARK [3][-]{subsubsection.6.2.2.12}{\376\377\0006\000.\0002\000.\0002\000.\0001\0002\000\040\000v\000i\000s\000u\000a\000l\000i\000z\000e\000\050\000\051}{subsection.6.2.2}% 53
\BOOKMARK [2][-]{subsection.6.2.3}{\376\377\0006\000.\0002\000.\0003\000\040\000M\000e\000m\000b\000e\000r\000\040\000D\000a\000t\000a\000\040\000D\000o\000c\000u\000m\000e\000n\000t\000a\000t\000i\000o\000n}{section.6.2}% 54
\BOOKMARK [3][-]{subsubsection.6.2.3.1}{\376\377\0006\000.\0002\000.\0003\000.\0001\000\040\000a\000d\000j\000L\000i\000s\000t}{subsection.6.2.3}% 55
\BOOKMARK [1][-]{section.6.3}{\376\377\0006\000.\0003\000\040\000s\000t\000d\000:\000:\000h\000a\000s\000h\000<\000\040\000N\000o\000d\000e\000\040\000>\000\040\000S\000t\000r\000u\000c\000t\000\040\000R\000e\000f\000e\000r\000e\000n\000c\000e}{chapter.6}% 56
\BOOKMARK [2][-]{subsection.6.3.1}{\376\377\0006\000.\0003\000.\0001\000\040\000D\000e\000t\000a\000i\000l\000e\000d\000\040\000D\000e\000s\000c\000r\000i\000p\000t\000i\000o\000n}{section.6.3}% 57
\BOOKMARK [2][-]{subsection.6.3.2}{\376\377\0006\000.\0003\000.\0002\000\040\000M\000e\000m\000b\000e\000r\000\040\000F\000u\000n\000c\000t\000i\000o\000n\000\040\000D\000o\000c\000u\000m\000e\000n\000t\000a\000t\000i\000o\000n}{section.6.3}% 58
\BOOKMARK [3][-]{subsubsection.6.3.2.1}{\376\377\0006\000.\0003\000.\0002\000.\0001\000\040\000o\000p\000e\000r\000a\000t\000o\000r\000\050\000\051\000\050\000\051}{subsection.6.3.2}% 59
\BOOKMARK [1][-]{section.6.4}{\376\377\0006\000.\0004\000\040\000N\000o\000d\000e\000\040\000S\000t\000r\000u\000c\000t\000\040\000R\000e\000f\000e\000r\000e\000n\000c\000e}{chapter.6}% 60
\BOOKMARK [2][-]{subsection.6.4.1}{\376\377\0006\000.\0004\000.\0001\000\040\000D\000e\000t\000a\000i\000l\000e\000d\000\040\000D\000e\000s\000c\000r\000i\000p\000t\000i\000o\000n}{section.6.4}% 61
\BOOKMARK [2][-]{subsection.6.4.2}{\376\377\0006\000.\0004\000.\0002\000\040\000M\000e\000m\000b\000e\000r\000\040\000F\000u\000n\000c\000t\000i\000o\000n\000\040\000D\000o\000c\000u\000m\000e\000n\000t\000a\000t\000i\000o\000n}{section.6.4}% 62
\BOOKMARK [3][-]{subsubsection.6.4.2.1}{\376\377\0006\000.\0004\000.\0002\000.\0001\000\040\000o\000p\000e\000r\000a\000t\000o\000r\000!\000=\000\050\000\051}{subsection.6.4.2}% 63
\BOOKMARK [3][-]{subsubsection.6.4.2.2}{\376\377\0006\000.\0004\000.\0002\000.\0002\000\040\000o\000p\000e\000r\000a\000t\000o\000r\000<\000\050\000\051}{subsection.6.4.2}% 64
\BOOKMARK [3][-]{subsubsection.6.4.2.3}{\376\377\0006\000.\0004\000.\0002\000.\0003\000\040\000o\000p\000e\000r\000a\000t\000o\000r\000=\000=\000\050\000\051}{subsection.6.4.2}% 65
\BOOKMARK [2][-]{subsection.6.4.3}{\376\377\0006\000.\0004\000.\0003\000\040\000F\000r\000i\000e\000n\000d\000s\000\040\000A\000n\000d\000\040\000R\000e\000l\000a\000t\000e\000d\000\040\000S\000y\000m\000b\000o\000l\000\040\000D\000o\000c\000u\000m\000e\000n\000t\000a\000t\000i\000o\000n}{section.6.4}% 66
\BOOKMARK [3][-]{subsubsection.6.4.3.1}{\376\377\0006\000.\0004\000.\0003\000.\0001\000\040\000o\000p\000e\000r\000a\000t\000o\000r\000<\000<}{subsection.6.4.3}% 67
\BOOKMARK [2][-]{subsection.6.4.4}{\376\377\0006\000.\0004\000.\0004\000\040\000M\000e\000m\000b\000e\000r\000\040\000D\000a\000t\000a\000\040\000D\000o\000c\000u\000m\000e\000n\000t\000a\000t\000i\000o\000n}{section.6.4}% 68
\BOOKMARK [3][-]{subsubsection.6.4.4.1}{\376\377\0006\000.\0004\000.\0004\000.\0001\000\040\000n\000a\000m\000e}{subsection.6.4.4}% 69
\BOOKMARK [3][-]{subsubsection.6.4.4.2}{\376\377\0006\000.\0004\000.\0004\000.\0002\000\040\000t\000a\000r\000g\000\137\000d\000a\000t\000a}{subsection.6.4.4}% 70
\BOOKMARK [1][-]{section.6.5}{\376\377\0006\000.\0005\000\040\000P\000a\000r\000s\000e\000r\000\040\000C\000l\000a\000s\000s\000\040\000R\000e\000f\000e\000r\000e\000n\000c\000e}{chapter.6}% 71
\BOOKMARK [2][-]{subsection.6.5.1}{\376\377\0006\000.\0005\000.\0001\000\040\000D\000e\000t\000a\000i\000l\000e\000d\000\040\000D\000e\000s\000c\000r\000i\000p\000t\000i\000o\000n}{section.6.5}% 72
\BOOKMARK [2][-]{subsection.6.5.2}{\376\377\0006\000.\0005\000.\0002\000\040\000C\000o\000n\000s\000t\000r\000u\000c\000t\000o\000r\000\040\000\046\000\040\000D\000e\000s\000t\000r\000u\000c\000t\000o\000r\000\040\000D\000o\000c\000u\000m\000e\000n\000t\000a\000t\000i\000o\000n}{section.6.5}% 73
\BOOKMARK [3][-]{subsubsection.6.5.2.1}{\376\377\0006\000.\0005\000.\0002\000.\0001\000\040\000P\000a\000r\000s\000e\000r\000\050\000\051}{subsection.6.5.2}% 74
\BOOKMARK [2][-]{subsection.6.5.3}{\376\377\0006\000.\0005\000.\0003\000\040\000M\000e\000m\000b\000e\000r\000\040\000F\000u\000n\000c\000t\000i\000o\000n\000\040\000D\000o\000c\000u\000m\000e\000n\000t\000a\000t\000i\000o\000n}{section.6.5}% 75
\BOOKMARK [3][-]{subsubsection.6.5.3.1}{\376\377\0006\000.\0005\000.\0003\000.\0001\000\040\000g\000e\000t\000\137\000f\000i\000r\000s\000t\000\137\000t\000a\000r\000g\000e\000t\000\050\000\051}{subsection.6.5.3}% 76
\BOOKMARK [3][-]{subsubsection.6.5.3.2}{\376\377\0006\000.\0005\000.\0003\000.\0002\000\040\000g\000e\000t\000\137\000p\000a\000r\000s\000e\000d\000\137\000r\000e\000s\000u\000l\000t\000s\000\050\000\051}{subsection.6.5.3}% 77
\BOOKMARK [3][-]{subsubsection.6.5.3.3}{\376\377\0006\000.\0005\000.\0003\000.\0003\000\040\000p\000a\000r\000s\000e\000\050\000\051}{subsection.6.5.3}% 78
\BOOKMARK [3][-]{subsubsection.6.5.3.4}{\376\377\0006\000.\0005\000.\0003\000.\0004\000\040\000p\000a\000r\000s\000e\000f\000i\000l\000e\000\050\000\051}{subsection.6.5.3}% 79
\BOOKMARK [3][-]{subsubsection.6.5.3.5}{\376\377\0006\000.\0005\000.\0003\000.\0005\000\040\000p\000r\000i\000n\000t\000R\000e\000s\000u\000l\000t\000s\000\050\000\051}{subsection.6.5.3}% 80
\BOOKMARK [3][-]{subsubsection.6.5.3.6}{\376\377\0006\000.\0005\000.\0003\000.\0006\000\040\000s\000e\000t\000\137\000f\000i\000l\000e\000\137\000n\000a\000m\000e\000\050\000\051}{subsection.6.5.3}% 81
\BOOKMARK [3][-]{subsubsection.6.5.3.7}{\376\377\0006\000.\0005\000.\0003\000.\0007\000\040\000t\000r\000i\000m\000\050\000\051}{subsection.6.5.3}% 82
\BOOKMARK [2][-]{subsection.6.5.4}{\376\377\0006\000.\0005\000.\0004\000\040\000M\000e\000m\000b\000e\000r\000\040\000D\000a\000t\000a\000\040\000D\000o\000c\000u\000m\000e\000n\000t\000a\000t\000i\000o\000n}{section.6.5}% 83
\BOOKMARK [3][-]{subsubsection.6.5.4.1}{\376\377\0006\000.\0005\000.\0004\000.\0001\000\040\000c\000u\000r\000r\000e\000n\000t\000T\000a\000r\000g\000e\000t}{subsection.6.5.4}% 84
\BOOKMARK [3][-]{subsubsection.6.5.4.2}{\376\377\0006\000.\0005\000.\0004\000.\0002\000\040\000f\000i\000l\000e\000n\000a\000m\000e}{subsection.6.5.4}% 85
\BOOKMARK [3][-]{subsubsection.6.5.4.3}{\376\377\0006\000.\0005\000.\0004\000.\0003\000\040\000f\000i\000r\000s\000t\000\137\000t\000a\000r\000g\000e\000t}{subsection.6.5.4}% 86
\BOOKMARK [3][-]{subsubsection.6.5.4.4}{\376\377\0006\000.\0005\000.\0004\000.\0004\000\040\000i\000m\000p\000o\000r\000t\000s}{subsection.6.5.4}% 87
\BOOKMARK [3][-]{subsubsection.6.5.4.5}{\376\377\0006\000.\0005\000.\0004\000.\0005\000\040\000l\000i\000n\000e\000\137\000n\000o}{subsection.6.5.4}% 88
\BOOKMARK [3][-]{subsubsection.6.5.4.6}{\376\377\0006\000.\0005\000.\0004\000.\0006\000\040\000t\000a\000r\000g\000e\000t\000s}{subsection.6.5.4}% 89
\BOOKMARK [3][-]{subsubsection.6.5.4.7}{\376\377\0006\000.\0005\000.\0004\000.\0007\000\040\000v\000a\000r\000i\000a\000b\000l\000e\000s}{subsection.6.5.4}% 90
\BOOKMARK [1][-]{section.6.6}{\376\377\0006\000.\0006\000\040\000t\000a\000r\000g\000e\000t\000\040\000S\000t\000r\000u\000c\000t\000\040\000R\000e\000f\000e\000r\000e\000n\000c\000e}{chapter.6}% 91
\BOOKMARK [2][-]{subsection.6.6.1}{\376\377\0006\000.\0006\000.\0001\000\040\000D\000e\000t\000a\000i\000l\000e\000d\000\040\000D\000e\000s\000c\000r\000i\000p\000t\000i\000o\000n}{section.6.6}% 92
\BOOKMARK [2][-]{subsection.6.6.2}{\376\377\0006\000.\0006\000.\0002\000\040\000F\000r\000i\000e\000n\000d\000s\000\040\000A\000n\000d\000\040\000R\000e\000l\000a\000t\000e\000d\000\040\000S\000y\000m\000b\000o\000l\000\040\000D\000o\000c\000u\000m\000e\000n\000t\000a\000t\000i\000o\000n}{section.6.6}% 93
\BOOKMARK [3][-]{subsubsection.6.6.2.1}{\376\377\0006\000.\0006\000.\0002\000.\0001\000\040\000o\000p\000e\000r\000a\000t\000o\000r\000<\000<}{subsection.6.6.2}% 94
\BOOKMARK [2][-]{subsection.6.6.3}{\376\377\0006\000.\0006\000.\0003\000\040\000M\000e\000m\000b\000e\000r\000\040\000D\000a\000t\000a\000\040\000D\000o\000c\000u\000m\000e\000n\000t\000a\000t\000i\000o\000n}{section.6.6}% 95
\BOOKMARK [3][-]{subsubsection.6.6.3.1}{\376\377\0006\000.\0006\000.\0003\000.\0001\000\040\000c\000o\000m\000m\000a\000n\000d\000s}{subsection.6.6.3}% 96
\BOOKMARK [3][-]{subsubsection.6.6.3.2}{\376\377\0006\000.\0006\000.\0003\000.\0002\000\040\000d\000e\000p\000e\000n\000d\000e\000n\000c\000i\000e\000s}{subsection.6.6.3}% 97
\BOOKMARK [0][-]{chapter.7}{\376\377\0007\000\040\000F\000i\000l\000e\000\040\000D\000o\000c\000u\000m\000e\000n\000t\000a\000t\000i\000o\000n}{}% 98
\BOOKMARK [1][-]{section.7.1}{\376\377\0007\000.\0001\000\040\000c\000a\000c\000h\000e\000.\000h\000p\000p\000\040\000F\000i\000l\000e\000\040\000R\000e\000f\000e\000r\000e\000n\000c\000e}{chapter.7}% 99
\BOOKMARK [1][-]{section.7.2}{\376\377\0007\000.\0002\000\040\000c\000a\000c\000h\000e\000.\000h\000p\000p}{chapter.7}% 100
\BOOKMARK [1][-]{section.7.3}{\376\377\0007\000.\0003\000\040\000c\000o\000d\000e\000r\000u\000n\000n\000e\000r\000.\000h\000p\000p\000\040\000F\000i\000l\000e\000\040\000R\000e\000f\000e\000r\000e\000n\000c\000e}{chapter.7}% 101
\BOOKMARK [2][-]{subsection.7.3.1}{\376\377\0007\000.\0003\000.\0001\000\040\000F\000u\000n\000c\000t\000i\000o\000n\000\040\000D\000o\000c\000u\000m\000e\000n\000t\000a\000t\000i\000o\000n}{section.7.3}% 102
\BOOKMARK [3][-]{subsubsection.7.3.1.1}{\376\377\0007\000.\0003\000.\0001\000.\0001\000\040\000a\000n\000s\000i\000\137\000t\000o\000\137\000h\000t\000m\000l\000\050\000\051}{subsection.7.3.1}% 103
\BOOKMARK [3][-]{subsubsection.7.3.1.2}{\376\377\0007\000.\0003\000.\0001\000.\0002\000\040\000c\000r\000e\000a\000t\000e\000\137\000h\000t\000m\000l\000\050\000\051}{subsection.7.3.1}% 104
\BOOKMARK [3][-]{subsubsection.7.3.1.3}{\376\377\0007\000.\0003\000.\0001\000.\0003\000\040\000e\000x\000t\000r\000a\000c\000t\000\137\000p\000r\000e\000\137\000c\000o\000n\000t\000e\000n\000t\000\050\000\051}{subsection.7.3.1}% 105
\BOOKMARK [3][-]{subsubsection.7.3.1.4}{\376\377\0007\000.\0003\000.\0001\000.\0004\000\040\000f\000o\000r\000m\000a\000t\000D\000a\000t\000e\000T\000i\000m\000e\000\050\000\051}{subsection.7.3.1}% 106
\BOOKMARK [3][-]{subsubsection.7.3.1.5}{\376\377\0007\000.\0003\000.\0001\000.\0005\000\040\000g\000e\000t\000\137\000e\000x\000i\000t\000\137\000c\000o\000d\000e\000\050\000\051}{subsection.7.3.1}% 107
\BOOKMARK [3][-]{subsubsection.7.3.1.6}{\376\377\0007\000.\0003\000.\0001\000.\0006\000\040\000r\000u\000n\000\137\000c\000o\000m\000m\000a\000n\000d\000\050\000\051}{subsection.7.3.1}% 108
\BOOKMARK [3][-]{subsubsection.7.3.1.7}{\376\377\0007\000.\0003\000.\0001\000.\0007\000\040\000r\000u\000n\000\137\000c\000o\000m\000m\000a\000n\000d\000\137\000p\000a\000r\000\050\000\051}{subsection.7.3.1}% 109
\BOOKMARK [3][-]{subsubsection.7.3.1.8}{\376\377\0007\000.\0003\000.\0001\000.\0008\000\040\000r\000u\000n\000\137\000c\000o\000m\000m\000a\000n\000d\000s\000\050\000\051}{subsection.7.3.1}% 110
\BOOKMARK [3][-]{subsubsection.7.3.1.9}{\376\377\0007\000.\0003\000.\0001\000.\0009\000\040\000r\000u\000n\000\137\000c\000o\000m\000m\000a\000n\000d\000s\000\137\000p\000a\000r\000a\000l\000l\000e\000l\000\050\000\051}{subsection.7.3.1}% 111
\BOOKMARK [2][-]{subsection.7.3.2}{\376\377\0007\000.\0003\000.\0002\000\040\000V\000a\000r\000i\000a\000b\000l\000e\000\040\000D\000o\000c\000u\000m\000e\000n\000t\000a\000t\000i\000o\000n}{section.7.3}% 112
\BOOKMARK [3][-]{subsubsection.7.3.2.1}{\376\377\0007\000.\0003\000.\0002\000.\0001\000\040\000\137\000\137\000p\000a\000d\0000\000\137\000\137}{subsection.7.3.2}% 113
\BOOKMARK [3][-]{subsubsection.7.3.2.2}{\376\377\0007\000.\0003\000.\0002\000.\0002\000\040\000b\000a\000s\000e}{subsection.7.3.2}% 114
\BOOKMARK [3][-]{subsubsection.7.3.2.3}{\376\377\0007\000.\0003\000.\0002\000.\0003\000\040\000b\000o\000d\000y}{subsection.7.3.2}% 115
\BOOKMARK [3][-]{subsubsection.7.3.2.4}{\376\377\0007\000.\0003\000.\0002\000.\0004\000\040\000c\000o\000u\000n\000t\000e\000r}{subsection.7.3.2}% 116
\BOOKMARK [3][-]{subsubsection.7.3.2.5}{\376\377\0007\000.\0003\000.\0002\000.\0005\000\040\000D\000e\000t\000a\000i\000l\000s}{subsection.7.3.2}% 117
\BOOKMARK [3][-]{subsubsection.7.3.2.6}{\376\377\0007\000.\0003\000.\0002\000.\0006\000\040\000h\000t\000m\000l}{subsection.7.3.2}% 118
\BOOKMARK [3][-]{subsubsection.7.3.2.7}{\376\377\0007\000.\0003\000.\0002\000.\0007\000\040\000p\000y\000\137\000m\000u\000t\000e\000x}{subsection.7.3.2}% 119
\BOOKMARK [3][-]{subsubsection.7.3.2.8}{\376\377\0007\000.\0003\000.\0002\000.\0008\000\040\000s\000t\000d\000o\000u\000t\000\137\000m\000u\000t\000e\000x}{subsection.7.3.2}% 120
\BOOKMARK [3][-]{subsubsection.7.3.2.9}{\376\377\0007\000.\0003\000.\0002\000.\0009\000\040\000S\000u\000m\000m\000a\000r\000y}{subsection.7.3.2}% 121
\BOOKMARK [1][-]{section.7.4}{\376\377\0007\000.\0004\000\040\000c\000o\000d\000e\000r\000u\000n\000n\000e\000r\000.\000h\000p\000p}{chapter.7}% 122
\BOOKMARK [1][-]{section.7.5}{\376\377\0007\000.\0005\000\040\000g\000r\000a\000p\000h\000.\000h\000p\000p\000\040\000F\000i\000l\000e\000\040\000R\000e\000f\000e\000r\000e\000n\000c\000e}{chapter.7}% 123
\BOOKMARK [1][-]{section.7.6}{\376\377\0007\000.\0006\000\040\000g\000r\000a\000p\000h\000.\000h\000p\000p}{chapter.7}% 124
\BOOKMARK [1][-]{section.7.7}{\376\377\0007\000.\0007\000\040\000m\000a\000i\000n\000.\000c\000p\000p\000\040\000F\000i\000l\000e\000\040\000R\000e\000f\000e\000r\000e\000n\000c\000e}{chapter.7}% 125
\BOOKMARK [2][-]{subsection.7.7.1}{\376\377\0007\000.\0007\000.\0001\000\040\000T\000y\000p\000e\000d\000e\000f\000\040\000D\000o\000c\000u\000m\000e\000n\000t\000a\000t\000i\000o\000n}{section.7.7}% 126
\BOOKMARK [3][-]{subsubsection.7.7.1.1}{\376\377\0007\000.\0007\000.\0001\000.\0001\000\040\000R\000o\000w\000\137\000t}{subsection.7.7.1}% 127
\BOOKMARK [2][-]{subsection.7.7.2}{\376\377\0007\000.\0007\000.\0002\000\040\000F\000u\000n\000c\000t\000i\000o\000n\000\040\000D\000o\000c\000u\000m\000e\000n\000t\000a\000t\000i\000o\000n}{section.7.7}% 128
\BOOKMARK [3][-]{subsubsection.7.7.2.1}{\376\377\0007\000.\0007\000.\0002\000.\0001\000\040\000f\000i\000n\000d\000D\000e\000p\000e\000n\000d\000e\000n\000c\000i\000e\000s\000\050\000\051}{subsection.7.7.2}% 129
\BOOKMARK [3][-]{subsubsection.7.7.2.2}{\376\377\0007\000.\0007\000.\0002\000.\0002\000\040\000m\000a\000i\000n\000\050\000\051}{subsection.7.7.2}% 130
\BOOKMARK [3][-]{subsubsection.7.7.2.3}{\376\377\0007\000.\0007\000.\0002\000.\0003\000\040\000p\000a\000r\000s\000e\000\137\000a\000n\000d\000\137\000c\000o\000l\000l\000e\000c\000t\000\137\000d\000e\000p\000e\000n\000d\000e\000n\000c\000i\000e\000s\000\050\000\051}{subsection.7.7.2}% 131
\BOOKMARK [3][-]{subsubsection.7.7.2.4}{\376\377\0007\000.\0007\000.\0002\000.\0004\000\040\000p\000r\000i\000n\000t\000\137\000b\000a\000n\000n\000e\000r\000\050\000\051}{subsection.7.7.2}% 132
\BOOKMARK [2][-]{subsection.7.7.3}{\376\377\0007\000.\0007\000.\0003\000\040\000V\000a\000r\000i\000a\000b\000l\000e\000\040\000D\000o\000c\000u\000m\000e\000n\000t\000a\000t\000i\000o\000n}{section.7.7}% 133
\BOOKMARK [3][-]{subsubsection.7.7.3.1}{\376\377\0007\000.\0007\000.\0003\000.\0001\000\040\000a\000c\000t\000\137\000t\000a\000r\000g\000s}{subsection.7.7.3}% 134
\BOOKMARK [3][-]{subsubsection.7.7.3.2}{\376\377\0007\000.\0007\000.\0003\000.\0002\000\040\000a\000l\000l\000\137\000i\000m\000p\000o\000r\000t\000\137\000p\000r\000e\000f\000i\000x\000e\000s}{subsection.7.7.3}% 135
\BOOKMARK [3][-]{subsubsection.7.7.3.3}{\376\377\0007\000.\0007\000.\0003\000.\0003\000\040\000a\000l\000l\000\137\000i\000m\000p\000o\000r\000t\000\137\000v\000a\000r\000s}{subsection.7.7.3}% 136
\BOOKMARK [3][-]{subsubsection.7.7.3.4}{\376\377\0007\000.\0007\000.\0003\000.\0004\000\040\000a\000l\000l\000\137\000t\000a\000r\000g\000s}{subsection.7.7.3}% 137
\BOOKMARK [3][-]{subsubsection.7.7.3.5}{\376\377\0007\000.\0007\000.\0003\000.\0005\000\040\000c\000o\000n\000c\000e\000r\000n\000e\000d\000\137\000t\000a\000r\000g\000e\000t\000s}{subsection.7.7.3}% 138
\BOOKMARK [3][-]{subsubsection.7.7.3.6}{\376\377\0007\000.\0007\000.\0003\000.\0006\000\040\000m\000a\000s\000t\000e\000r\000\137\000t\000a\000r\000g\000\137\000t\000a\000b}{subsection.7.7.3}% 139
\BOOKMARK [3][-]{subsubsection.7.7.3.7}{\376\377\0007\000.\0007\000.\0003\000.\0007\000\040\000m\000a\000s\000t\000e\000r\000\137\000v\000a\000r\000\137\000t\000a\000b}{subsection.7.7.3}% 140
\BOOKMARK [3][-]{subsubsection.7.7.3.8}{\376\377\0007\000.\0007\000.\0003\000.\0008\000\040\000p\000r\000o\000c\000e\000s\000s\000e\000d\000\137\000f\000i\000l\000e\000s}{subsection.7.7.3}% 141
\BOOKMARK [1][-]{section.7.8}{\376\377\0007\000.\0008\000\040\000m\000a\000i\000n\000.\000c\000p\000p}{chapter.7}% 142
\BOOKMARK [1][-]{section.7.9}{\376\377\0007\000.\0009\000\040\000p\000a\000r\000s\000e\000r\000.\000c\000p\000p\000\040\000F\000i\000l\000e\000\040\000R\000e\000f\000e\000r\000e\000n\000c\000e}{chapter.7}% 143
\BOOKMARK [2][-]{subsection.7.9.1}{\376\377\0007\000.\0009\000.\0001\000\040\000F\000u\000n\000c\000t\000i\000o\000n\000\040\000D\000o\000c\000u\000m\000e\000n\000t\000a\000t\000i\000o\000n}{section.7.9}% 144
\BOOKMARK [3][-]{subsubsection.7.9.1.1}{\376\377\0007\000.\0009\000.\0001\000.\0001\000\040\000r\000e\000p\000l\000a\000c\000e\000\137\000v\000a\000r\000s\000\050\000\051}{subsection.7.9.1}% 145
\BOOKMARK [3][-]{subsubsection.7.9.1.2}{\376\377\0007\000.\0009\000.\0001\000.\0002\000\040\000s\000e\000t\000\137\000l\000o\000g\000\137\000l\000e\000v\000e\000l\000\050\000\051}{subsection.7.9.1}% 146
\BOOKMARK [2][-]{subsection.7.9.2}{\376\377\0007\000.\0009\000.\0002\000\040\000V\000a\000r\000i\000a\000b\000l\000e\000\040\000D\000o\000c\000u\000m\000e\000n\000t\000a\000t\000i\000o\000n}{section.7.9}% 147
\BOOKMARK [3][-]{subsubsection.7.9.2.1}{\376\377\0007\000.\0009\000.\0002\000.\0001\000\040\000F\000I\000L\000T\000E\000R\000\137\000L\000E\000V\000E\000L}{subsection.7.9.2}% 148
\BOOKMARK [1][-]{section.7.10}{\376\377\0007\000.\0001\0000\000\040\000p\000a\000r\000s\000e\000r\000.\000c\000p\000p}{chapter.7}% 149
\BOOKMARK [1][-]{section.7.11}{\376\377\0007\000.\0001\0001\000\040\000p\000a\000r\000s\000e\000r\000.\000h\000p\000p\000\040\000F\000i\000l\000e\000\040\000R\000e\000f\000e\000r\000e\000n\000c\000e}{chapter.7}% 150
\BOOKMARK [2][-]{subsection.7.11.1}{\376\377\0007\000.\0001\0001\000.\0001\000\040\000M\000a\000c\000r\000o\000\040\000D\000e\000f\000i\000n\000i\000t\000i\000o\000n\000\040\000D\000o\000c\000u\000m\000e\000n\000t\000a\000t\000i\000o\000n}{section.7.11}% 151
\BOOKMARK [3][-]{subsubsection.7.11.1.1}{\376\377\0007\000.\0001\0001\000.\0001\000.\0001\000\040\000C\000O\000L\000O\000R\000\137\000B\000L\000U\000E}{subsection.7.11.1}% 152
\BOOKMARK [3][-]{subsubsection.7.11.1.2}{\376\377\0007\000.\0001\0001\000.\0001\000.\0002\000\040\000C\000O\000L\000O\000R\000\137\000R\000E\000D}{subsection.7.11.1}% 153
\BOOKMARK [3][-]{subsubsection.7.11.1.3}{\376\377\0007\000.\0001\0001\000.\0001\000.\0003\000\040\000C\000O\000L\000O\000R\000\137\000R\000E\000S\000E\000T}{subsection.7.11.1}% 154
\BOOKMARK [3][-]{subsubsection.7.11.1.4}{\376\377\0007\000.\0001\0001\000.\0001\000.\0004\000\040\000C\000O\000L\000O\000R\000\137\000Y\000E\000L\000L\000O\000W}{subsection.7.11.1}% 155
\BOOKMARK [3][-]{subsubsection.7.11.1.5}{\376\377\0007\000.\0001\0001\000.\0001\000.\0005\000\040\000L\000O\000G}{subsection.7.11.1}% 156
\BOOKMARK [3][-]{subsubsection.7.11.1.6}{\376\377\0007\000.\0001\0001\000.\0001\000.\0006\000\040\000L\000O\000G\000\137\000C\000O\000L\000O\000R}{subsection.7.11.1}% 157
\BOOKMARK [2][-]{subsection.7.11.2}{\376\377\0007\000.\0001\0001\000.\0002\000\040\000T\000y\000p\000e\000d\000e\000f\000\040\000D\000o\000c\000u\000m\000e\000n\000t\000a\000t\000i\000o\000n}{section.7.11}% 158
\BOOKMARK [3][-]{subsubsection.7.11.2.1}{\376\377\0007\000.\0001\0001\000.\0002\000.\0001\000\040\000i\000m\000p\000o\000r\000t\000\137\000t\000a\000b\000l\000e}{subsection.7.11.2}% 159
\BOOKMARK [3][-]{subsubsection.7.11.2.2}{\376\377\0007\000.\0001\0001\000.\0002\000.\0002\000\040\000t\000a\000r\000g\000\137\000t\000a\000b\000l\000e}{subsection.7.11.2}% 160
\BOOKMARK [3][-]{subsubsection.7.11.2.3}{\376\377\0007\000.\0001\0001\000.\0002\000.\0003\000\040\000v\000a\000r\000\137\000t\000a\000b\000l\000e}{subsection.7.11.2}% 161
\BOOKMARK [2][-]{subsection.7.11.3}{\376\377\0007\000.\0001\0001\000.\0003\000\040\000E\000n\000u\000m\000e\000r\000a\000t\000i\000o\000n\000\040\000T\000y\000p\000e\000\040\000D\000o\000c\000u\000m\000e\000n\000t\000a\000t\000i\000o\000n}{section.7.11}% 162
\BOOKMARK [3][-]{subsubsection.7.11.3.1}{\376\377\0007\000.\0001\0001\000.\0003\000.\0001\000\040\000L\000o\000g\000L\000e\000v\000e\000l}{subsection.7.11.3}% 163
\BOOKMARK [2][-]{subsection.7.11.4}{\376\377\0007\000.\0001\0001\000.\0004\000\040\000F\000u\000n\000c\000t\000i\000o\000n\000\040\000D\000o\000c\000u\000m\000e\000n\000t\000a\000t\000i\000o\000n}{section.7.11}% 164
\BOOKMARK [3][-]{subsubsection.7.11.4.1}{\376\377\0007\000.\0001\0001\000.\0004\000.\0001\000\040\000r\000e\000p\000l\000a\000c\000e\000\137\000v\000a\000r\000s\000\050\000\051}{subsection.7.11.4}% 165
\BOOKMARK [3][-]{subsubsection.7.11.4.2}{\376\377\0007\000.\0001\0001\000.\0004\000.\0002\000\040\000s\000e\000t\000\137\000l\000o\000g\000\137\000l\000e\000v\000e\000l\000\050\000\051}{subsection.7.11.4}% 166
\BOOKMARK [2][-]{subsection.7.11.5}{\376\377\0007\000.\0001\0001\000.\0005\000\040\000V\000a\000r\000i\000a\000b\000l\000e\000\040\000D\000o\000c\000u\000m\000e\000n\000t\000a\000t\000i\000o\000n}{section.7.11}% 167
\BOOKMARK [3][-]{subsubsection.7.11.5.1}{\376\377\0007\000.\0001\0001\000.\0005\000.\0001\000\040\000F\000I\000L\000T\000E\000R\000\137\000L\000E\000V\000E\000L}{subsection.7.11.5}% 168
\BOOKMARK [1][-]{section.7.12}{\376\377\0007\000.\0001\0002\000\040\000p\000a\000r\000s\000e\000r\000.\000h\000p\000p}{chapter.7}% 169
\BOOKMARK [1][-]{section.7.13}{\376\377\0007\000.\0001\0003\000\040\000R\000E\000A\000D\000M\000E\000.\000m\000d\000\040\000F\000i\000l\000e\000\040\000R\000e\000f\000e\000r\000e\000n\000c\000e}{chapter.7}% 170
